Build started 1/26/2014 12:26:15 PM.
     1>Project "c:\Users\Hertz\documents\visual studio 2012\Projects\RayTracer2\RayTracer2\RayTracer2.vcxproj" on node 2 (Build target(s)).
     1>ClCompile:
         C:\Program Files (x86)\Microsoft Visual Studio 11.0\VC\bin\CL.exe /c /I"C:\libraries\glut-3.7.2-dlls" /ZI /nologo /W3 /WX- /Od /Oy- /D WIN32 /D _DEBUG /D _CONSOLE /D _UNICODE /D UNICODE /Gm /EHsc /RTC1 /MDd /GS /fp:precise /Zc:wchar_t /Zc:forScope /Fo"Debug\\" /Fd"Debug\vc110.pdb" /Gd /TP /analyze- /errorReport:prompt Camera.cpp Ray.cpp RayTracer2.cpp stdafx.cpp vect.cpp
         vect.cpp
         Generating Code...
         Skipping... (no relevant changes detected)
         stdafx.cpp
         RayTracer2.cpp
         Ray.cpp
         Camera.cpp
       Link:
         C:\Program Files (x86)\Microsoft Visual Studio 11.0\VC\bin\link.exe /ERRORREPORT:PROMPT /OUT:"c:\users\hertz\documents\visual studio 2012\Projects\RayTracer2\Debug\RayTracer2.exe" /INCREMENTAL /NOLOGO /LIBPATH:"C:\libraries\glut-3.7.2-dlls" kernel32.lib user32.lib gdi32.lib winspool.lib comdlg32.lib advapi32.lib shell32.lib ole32.lib oleaut32.lib uuid.lib odbc32.lib odbccp32.lib /MANIFEST /MANIFESTUAC:"level='asInvoker' uiAccess='false'" /manifest:embed /DEBUG /PDB:"c:\users\hertz\documents\visual studio 2012\Projects\RayTracer2\Debug\RayTracer2.pdb" /SUBSYSTEM:CONSOLE /TLBID:1 /DYNAMICBASE /NXCOMPAT /IMPLIB:"c:\users\hertz\documents\visual studio 2012\Projects\RayTracer2\Debug\RayTracer2.lib" /MACHINE:X86 Debug\Camera.obj
         Debug\Ray.obj
         Debug\RayTracer2.obj
         Debug\stdafx.obj
         Debug\vect.obj
         RayTracer2.vcxproj -> c:\users\hertz\documents\visual studio 2012\Projects\RayTracer2\Debug\RayTracer2.exe
     1>Done Building Project "c:\Users\Hertz\documents\visual studio 2012\Projects\RayTracer2\RayTracer2\RayTracer2.vcxproj" (Build target(s)).

Build succeeded.

Time Elapsed 00:00:01.17
